Log file open, 03/02/19 19:17:34
LogWindows: Failed to load 'aqProf.dll' (GetLastError=126)
LogWindows: File 'aqProf.dll' does not exist
LogWindows: Failed to load 'VtuneApi.dll' (GetLastError=126)
LogWindows: File 'VtuneApi.dll' does not exist
LogWindows: Failed to load 'VtuneApi32e.dll' (GetLastError=126)
LogWindows: File 'VtuneApi32e.dll' does not exist
LogInit: Display: Running engine for game: firstPractice
LogPlatformFile: Not using cached read wrapper
LogInit: Display: RandInit(1163203330) SRandInit(1163203331).
LogInit: Read version file with build ID '3944462'
LogInit: Overriding engine version to CL 4033788, compatible CL 3944462
LogInit: Registered custom module enumerator with build ID '3944462'
LogTaskGraph: Started task graph with 5 named threads and 11 total threads with 3 sets of task threads.
LogStats: Stats thread started at 1.820455
LogD3D11RHI: Aftermath initialized
LogICUInternationalization: Display: ICU TimeZone Detection - Raw Offset: +9:00, Platform Override: ''
LogPluginManager: Mounting plugin Paper2D
LogPluginManager: Mounting plugin LiveLink
LogPluginManager: Mounting plugin LightPropagationVolume
LogPluginManager: Mounting plugin CLionSourceCodeAccess
LogPluginManager: Mounting plugin CodeLiteSourceCodeAccess
LogPluginManager: Mounting plugin GitSourceControl
LogPluginManager: Mounting plugin KDevelopSourceCodeAccess
LogPluginManager: Mounting plugin NullSourceCodeAccess
LogPluginManager: Mounting plugin PerforceSourceControl
LogPluginManager: Mounting plugin SubversionSourceControl
LogPluginManager: Mounting plugin UObjectPlugin
LogPluginManager: Mounting plugin VisualStudioCodeSourceCodeAccess
LogPluginManager: Mounting plugin VisualStudioSourceCodeAccess
LogPluginManager: Mounting plugin XCodeSourceCodeAccess
LogPluginManager: Mounting plugin AssetManagerEditor
LogPluginManager: Mounting plugin CryptoKeys
LogPluginManager: Mounting plugin DataValidation
LogPluginManager: Mounting plugin FacialAnimation
LogPluginManager: Mounting plugin GameplayTagsEditor
LogPluginManager: Mounting plugin MobileLauncherProfileWizard
LogPluginManager: Mounting plugin PluginBrowser
LogPluginManager: Mounting plugin SpeedTreeImporter
LogPluginManager: Mounting plugin DatasmithContent
LogPluginManager: Mounting plugin AlembicImporter
LogPluginManager: Mounting plugin CharacterAI
LogPluginManager: Mounting plugin HTML5Networking
LogPluginManager: Mounting plugin AndroidMedia
LogPluginManager: Mounting plugin AvfMedia
LogPluginManager: Mounting plugin ImgMedia
LogPluginManager: Mounting plugin LinearTimecode
LogPluginManager: Mounting plugin MediaCompositing
LogPluginManager: Mounting plugin MediaPlayerEditor
LogPluginManager: Mounting plugin WmfMedia
LogPluginManager: Mounting plugin TcpMessaging
LogPluginManager: Mounting plugin UdpMessaging
LogPluginManager: Mounting plugin ActorSequence
LogPluginManager: Mounting plugin LevelSequenceEditor
LogPluginManager: Mounting plugin MatineeToLevelSequence
LogPluginManager: Mounting plugin NetcodeUnitTest
LogPluginManager: Mounting plugin NUTUnrealEngine4
LogPluginManager: Mounting plugin OnlineSubsystemGooglePlay
LogPluginManager: Mounting plugin OnlineSubsystemIOS
LogPluginManager: Mounting plugin OnlineSubsystem
LogPluginManager: Mounting plugin OnlineSubsystemNull
LogPluginManager: Mounting plugin OnlineSubsystemUtils
LogPluginManager: Mounting plugin AndroidDeviceProfileSelector
LogPluginManager: Mounting plugin AndroidMoviePlayer
LogPluginManager: Mounting plugin AndroidPermission
LogPluginManager: Mounting plugin AppleARKit
LogPluginManager: Mounting plugin AppleMoviePlayer
LogPluginManager: Mounting plugin ArchVisCharacter
LogPluginManager: Mounting plugin AudioCapture
LogPluginManager: Mounting plugin CableComponent
LogPluginManager: Mounting plugin CustomMeshComponent
LogPluginManager: Mounting plugin ExampleDeviceProfileSelector
LogPluginManager: Mounting plugin GoogleCloudMessaging
LogPluginManager: Mounting plugin ImmediatePhysics
LogPluginManager: Mounting plugin IOSDeviceProfileSelector
LogPluginManager: Mounting plugin LinuxDeviceProfileSelector
LogPluginManager: Mounting plugin LocationServicesBPLibrary
LogPluginManager: Mounting plugin MobilePatchingUtils
LogPluginManager: Mounting plugin OculusVR
LogPluginManager: Plugin shader directory ../../../Engine/Plugins/Runtime/Oculus/OculusVR/Shaders found
LogPluginManager: Mapping shader source directory ../../../Engine/Plugins/Runtime/Oculus/OculusVR/Shaders to virtual directory /Plugin/OculusVR
LogPluginManager: Mounting plugin PhysXVehicles
LogPluginManager: Mounting plugin ProceduralMeshComponent
LogPluginManager: Mounting plugin RuntimePhysXCooking
LogPluginManager: Mounting plugin SteamVR
LogPluginManager: Mounting plugin WindowsMoviePlayer
LogStreaming: Display: Took  0.398s to configure plugins.
LogModuleManager: Display: Found up-to-date module file ../../../../Unreal 4.19/MJ_UnrealProject/firstPractice/Binaries/Win64/UE4Editor-firstPractice-6048.dll (API version 3944462).
LogModuleManager: Display: Found up-to-date module file ../../../Engine/Plugins/2D/Paper2D/Binaries/Win64/UE4Editor-Paper2D.dll (API version 3944462).
LogModuleManager: Display: Found up-to-date module file ../../../Engine/Plugins/2D/Paper2D/Binaries/Win64/UE4Editor-Paper2DEditor.dll (API version 3944462).
LogModuleManager: Display: Found up-to-date module file ../../../Engine/Plugins/2D/Paper2D/Binaries/Win64/UE4Editor-PaperSpriteSheetImporter.dll (API version 3944462).
LogModuleManager: Display: Found up-to-date module file ../../../Engine/Plugins/2D/Paper2D/Binaries/Win64/UE4Editor-PaperTiledImporter.dll (API version 3944462).
LogModuleManager: Display: Found up-to-date module file ../../../Engine/Plugins/2D/Paper2D/Binaries/Win64/UE4Editor-SmartSnapping.dll (API version 3944462).
LogModuleManager: Display: Found up-to-date module file ../../../Engine/Plugins/Animation/LiveLink/Binaries/Win64/UE4Editor-LiveLink.dll (API version 3944462).
LogModuleManager: Display: Found up-to-date module file ../../../Engine/Plugins/Animation/LiveLink/Binaries/Win64/UE4Editor-LiveLinkEditor.dll (API version 3944462).
LogModuleManager: Display: Found up-to-date module file ../../../Engine/Plugins/Blendables/LightPropagationVolume/Binaries/Win64/UE4Editor-LightPropagationVolumeRuntime.dll (API version 3944462).
LogModuleManager: Display: Found up-to-date module file ../../../Engine/Plugins/Blendables/LightPropagationVolume/Binaries/Win64/UE4Editor-LightPropagationVolumeEditor.dll (API version 3944462).
LogModuleManager: Display: Found up-to-date module file ../../../Engine/Plugins/Developer/CLionSourceCodeAccess/Binaries/Win64/UE4Editor-CLionSourceCodeAccess.dll (API version 3944462).
LogModuleManager: Display: Found up-to-date module file ../../../Engine/Plugins/Developer/GitSourceControl/Binaries/Win64/UE4Editor-GitSourceControl.dll (API version 3944462).
LogModuleManager: Display: Found up-to-date module file ../../../Engine/Plugins/Developer/PerforceSourceControl/Binaries/Win64/UE4Editor-PerforceSourceControl.dll (API version 3944462).
LogModuleManager: Display: Found up-to-date module file ../../../Engine/Plugins/Developer/SubversionSourceControl/Binaries/Win64/UE4Editor-SubversionSourceControl.dll (API version 3944462).
LogModuleManager: Display: Found up-to-date module file ../../../Engine/Plugins/Developer/UObjectPlugin/Binaries/Win64/UE4Editor-UObjectPlugin.dll (API version 3944462).
LogModuleManager: Display: Found up-to-date module file ../../../Engine/Plugins/Developer/VisualStudioCodeSourceCodeAccess/Binaries/Win64/UE4Editor-VisualStudioCodeSourceCodeAccess.dll (API version 3944462).
LogModuleManager: Display: Found up-to-date module file ../../../Engine/Plugins/Developer/VisualStudioSourceCodeAccess/Binaries/Win64/UE4Editor-VisualStudioSourceCodeAccess.dll (API version 3944462).
LogModuleManager: Display: Found up-to-date module file ../../../Engine/Plugins/Editor/AssetManagerEditor/Binaries/Win64/UE4Editor-AssetManagerEditor.dll (API version 3944462).
LogModuleManager: Display: Found up-to-date module file ../../../Engine/Plugins/Editor/CryptoKeys/Binaries/Win64/UE4Editor-CryptoKeys.dll (API version 3944462).
LogModuleManager: Display: Found up-to-date module file ../../../Engine/Plugins/Editor/CryptoKeys/Binaries/Win64/UE4Editor-CryptoKeysOpenSSL.dll (API version 3944462).
LogModuleManager: Display: Found up-to-date module file ../../../Engine/Plugins/Editor/DataValidation/Binaries/Win64/UE4Editor-DataValidation.dll (API version 3944462).
LogModuleManager: Display: Found up-to-date module file ../../../Engine/Plugins/Editor/FacialAnimation/Binaries/Win64/UE4Editor-FacialAnimation.dll (API version 3944462).
LogModuleManager: Display: Found up-to-date module file ../../../Engine/Plugins/Editor/FacialAnimation/Binaries/Win64/UE4Editor-FacialAnimationEditor.dll (API version 3944462).
LogModuleManager: Display: Found up-to-date module file ../../../Engine/Plugins/Editor/GameplayTagsEditor/Binaries/Win64/UE4Editor-GameplayTagsEditor.dll (API version 3944462).
LogModuleManager: Display: Found up-to-date module file ../../../Engine/Plugins/Editor/MobileLauncherProfileWizard/Binaries/Win64/UE4Editor-MobileLauncherProfileWizard.dll (API version 3944462).
LogModuleManager: Display: Found up-to-date module file ../../../Engine/Plugins/Editor/PluginBrowser/Binaries/Win64/UE4Editor-PluginBrowser.dll (API version 3944462).
LogModuleManager: Display: Found up-to-date module file ../../../Engine/Plugins/Editor/SpeedTreeImporter/Binaries/Win64/UE4Editor-SpeedTreeImporter.dll (API version 3944462).
LogModuleManager: Display: Found up-to-date module file ../../../Engine/Plugins/Enterprise/DatasmithContent/Binaries/Win64/UE4Editor-DatasmithContent.dll (API version 3944462).
LogModuleManager: Display: Found up-to-date module file ../../../Engine/Plugins/Experimental/AlembicImporter/Binaries/Win64/UE4Editor-AlembicImporter.dll (API version 3944462).
LogModuleManager: Display: Found up-to-date module file ../../../Engine/Plugins/Experimental/AlembicImporter/Binaries/Win64/UE4Editor-AlembicLibrary.dll (API version 3944462).
LogModuleManager: Display: Found up-to-date module file ../../../Engine/Plugins/Experimental/CharacterAI/Binaries/Win64/UE4Editor-CharacterAI.dll (API version 3944462).
LogModuleManager: Display: Found up-to-date module file ../../../Engine/Plugins/Experimental/HTML5Networking/Binaries/Win64/UE4Editor-HTML5Networking.dll (API version 3944462).
LogModuleManager: Display: Found up-to-date module file ../../../Engine/Plugins/Media/AndroidMedia/Binaries/Win64/UE4Editor-AndroidMediaEditor.dll (API version 3944462).
LogModuleManager: Display: Found up-to-date module file ../../../Engine/Plugins/Media/AndroidMedia/Binaries/Win64/UE4Editor-AndroidMediaFactory.dll (API version 3944462).
LogModuleManager: Display: Found up-to-date module file ../../../Engine/Plugins/Media/AvfMedia/Binaries/Win64/UE4Editor-AvfMediaEditor.dll (API version 3944462).
LogModuleManager: Display: Found up-to-date module file ../../../Engine/Plugins/Media/AvfMedia/Binaries/Win64/UE4Editor-AvfMediaFactory.dll (API version 3944462).
LogModuleManager: Display: Found up-to-date module file ../../../Engine/Plugins/Media/AvfMedia/Binaries/Win64/UE4Editor-AvfMediaFactory.dll (API version 3944462).
LogModuleManager: Display: Found up-to-date module file ../../../Engine/Plugins/Media/ImgMedia/Binaries/Win64/UE4Editor-ImgMedia.dll (API version 3944462).
LogModuleManager: Display: Found up-to-date module file ../../../Engine/Plugins/Media/ImgMedia/Binaries/Win64/UE4Editor-ImgMediaEditor.dll (API version 3944462).
LogModuleManager: Display: Found up-to-date module file ../../../Engine/Plugins/Media/ImgMedia/Binaries/Win64/UE4Editor-ImgMediaFactory.dll (API version 3944462).
LogModuleManager: Display: Found up-to-date module file ../../../Engine/Plugins/Media/ImgMedia/Binaries/Win64/UE4Editor-ImgMediaFactory.dll (API version 3944462).
LogModuleManager: Display: Found up-to-date module file ../../../Engine/Plugins/Media/ImgMedia/Binaries/Win64/UE4Editor-OpenExrWrapper.dll (API version 3944462).
LogModuleManager: Display: Found up-to-date module file ../../../Engine/Plugins/Media/LinearTimecode/Binaries/Win64/UE4Editor-LinearTimecode.dll (API version 3944462).
LogModuleManager: Display: Found up-to-date module file ../../../Engine/Plugins/Media/MediaCompositing/Binaries/Win64/UE4Editor-MediaCompositing.dll (API version 3944462).
LogModuleManager: Display: Found up-to-date module file ../../../Engine/Plugins/Media/MediaCompositing/Binaries/Win64/UE4Editor-MediaCompositingEditor.dll (API version 3944462).
LogModuleManager: Display: Found up-to-date module file ../../../Engine/Plugins/Media/MediaPlayerEditor/Binaries/Win64/UE4Editor-MediaPlayerEditor.dll (API version 3944462).
LogModuleManager: Display: Found up-to-date module file ../../../Engine/Plugins/Media/WmfMedia/Binaries/Win64/UE4Editor-WmfMedia.dll (API version 3944462).
LogModuleManager: Display: Found up-to-date module file ../../../Engine/Plugins/Media/WmfMedia/Binaries/Win64/UE4Editor-WmfMediaEditor.dll (API version 3944462).
LogModuleManager: Display: Found up-to-date module file ../../../Engine/Plugins/Media/WmfMedia/Binaries/Win64/UE4Editor-WmfMediaFactory.dll (API version 3944462).
LogModuleManager: Display: Found up-to-date module file ../../../Engine/Plugins/Media/WmfMedia/Binaries/Win64/UE4Editor-WmfMediaFactory.dll (API version 3944462).
LogModuleManager: Display: Found up-to-date module file ../../../Engine/Plugins/Messaging/TcpMessaging/Binaries/Win64/UE4Editor-TcpMessaging.dll (API version 3944462).
LogModuleManager: Display: Found up-to-date module file ../../../Engine/Plugins/Messaging/UdpMessaging/Binaries/Win64/UE4Editor-UdpMessaging.dll (API version 3944462).
LogModuleManager: Display: Found up-to-date module file ../../../Engine/Plugins/MovieScene/ActorSequence/Binaries/Win64/UE4Editor-ActorSequence.dll (API version 3944462).
LogModuleManager: Display: Found up-to-date module file ../../../Engine/Plugins/MovieScene/LevelSequenceEditor/Binaries/Win64/UE4Editor-LevelSequenceEditor.dll (API version 3944462).
LogModuleManager: Display: Found up-to-date module file ../../../Engine/Plugins/MovieScene/MatineeToLevelSequence/Binaries/Win64/UE4Editor-MatineeToLevelSequence.dll (API version 3944462).
LogModuleManager: Display: Found up-to-date module file ../../../Engine/Plugins/NetcodeUnitTest/NetcodeUnitTest/Binaries/Win64/UE4Editor-NetcodeUnitTest.dll (API version 3944462).
LogModuleManager: Display: Found up-to-date module file ../../../Engine/Plugins/NetcodeUnitTest/NUTUnrealEngine4/Binaries/Win64/UE4Editor-NUTUnrealEngine4.dll (API version 3944462).
LogModuleManager: Display: Found up-to-date module file ../../../Engine/Plugins/Online/OnlineSubsystem/Binaries/Win64/UE4Editor-OnlineSubsystem.dll (API version 3944462).
LogModuleManager: Display: Found up-to-date module file ../../../Engine/Plugins/Online/OnlineSubsystemNull/Binaries/Win64/UE4Editor-OnlineSubsystemNull.dll (API version 3944462).
LogModuleManager: Display: Found up-to-date module file ../../../Engine/Plugins/Online/OnlineSubsystemUtils/Binaries/Win64/UE4Editor-OnlineSubsystemUtils.dll (API version 3944462).
LogModuleManager: Display: Found up-to-date module file ../../../Engine/Plugins/Online/OnlineSubsystemUtils/Binaries/Win64/UE4Editor-OnlineBlueprintSupport.dll (API version 3944462).
LogModuleManager: Display: Found up-to-date module file ../../../Engine/Plugins/Runtime/AndroidDeviceProfileSelector/Binaries/Win64/UE4Editor-AndroidDeviceProfileSelector.dll (API version 3944462).
LogModuleManager: Display: Found up-to-date module file ../../../Engine/Plugins/Runtime/AndroidPermission/Binaries/Win64/UE4Editor-AndroidPermission.dll (API version 3944462).
LogModuleManager: Display: Found up-to-date module file ../../../Engine/Plugins/Runtime/AppleARKit/Binaries/Win64/UE4Editor-AppleARKit.dll (API version 3944462).
LogModuleManager: Display: Found up-to-date module file ../../../Engine/Plugins/Runtime/ArchVisCharacter/Binaries/Win64/UE4Editor-ArchVisCharacter.dll (API version 3944462).
LogModuleManager: Display: Found up-to-date module file ../../../Engine/Plugins/Runtime/AudioCapture/Binaries/Win64/UE4Editor-AudioCapture.dll (API version 3944462).
LogModuleManager: Display: Found up-to-date module file ../../../Engine/Plugins/Runtime/AudioCapture/Binaries/Win64/UE4Editor-AudioCaptureEditor.dll (API version 3944462).
LogModuleManager: Display: Found up-to-date module file ../../../Engine/Plugins/Runtime/CableComponent/Binaries/Win64/UE4Editor-CableComponent.dll (API version 3944462).
LogModuleManager: Display: Found up-to-date module file ../../../Engine/Plugins/Runtime/CustomMeshComponent/Binaries/Win64/UE4Editor-CustomMeshComponent.dll (API version 3944462).
LogModuleManager: Display: Found up-to-date module file ../../../Engine/Plugins/Runtime/ExampleDeviceProfileSelector/Binaries/Win64/UE4Editor-ExampleDeviceProfileSelector.dll (API version 3944462).
LogModuleManager: Display: Found up-to-date module file ../../../Engine/Plugins/Runtime/ImmediatePhysics/Binaries/Win64/UE4Editor-ImmediatePhysics.dll (API version 3944462).
LogModuleManager: Display: Found up-to-date module file ../../../Engine/Plugins/Runtime/ImmediatePhysics/Binaries/Win64/UE4Editor-ImmediatePhysicsEditor.dll (API version 3944462).
LogModuleManager: Display: Found up-to-date module file ../../../Engine/Plugins/Runtime/LocationServicesBPLibrary/Binaries/Win64/UE4Editor-LocationServicesBPLibrary.dll (API version 3944462).
LogModuleManager: Display: Found up-to-date module file ../../../Engine/Plugins/Runtime/MobilePatchingUtils/Binaries/Win64/UE4Editor-MobilePatchingUtils.dll (API version 3944462).
LogModuleManager: Display: Found up-to-date module file ../../../Engine/Plugins/Runtime/Oculus/OculusVR/Binaries/Win64/UE4Editor-OculusHMD.dll (API version 3944462).
LogModuleManager: Display: Found up-to-date module file ../../../Engine/Plugins/Runtime/Oculus/OculusVR/Binaries/Win64/UE4Editor-OculusInput.dll (API version 3944462).
LogModuleManager: Display: Found up-to-date module file ../../../Engine/Plugins/Runtime/Oculus/OculusVR/Binaries/Win64/UE4Editor-OculusEditor.dll (API version 3944462).
LogModuleManager: Display: Found up-to-date module file ../../../Engine/Plugins/Runtime/PhysXVehicles/Binaries/Win64/UE4Editor-PhysXVehicles.dll (API version 3944462).
LogModuleManager: Display: Found up-to-date module file ../../../Engine/Plugins/Runtime/PhysXVehicles/Binaries/Win64/UE4Editor-PhysXVehiclesEditor.dll (API version 3944462).
LogModuleManager: Display: Found up-to-date module file ../../../Engine/Plugins/Runtime/ProceduralMeshComponent/Binaries/Win64/UE4Editor-ProceduralMeshComponent.dll (API version 3944462).
LogModuleManager: Display: Found up-to-date module file ../../../Engine/Plugins/Runtime/ProceduralMeshComponent/Binaries/Win64/UE4Editor-ProceduralMeshComponentEditor.dll (API version 3944462).
LogModuleManager: Display: Found up-to-date module file ../../../Engine/Plugins/Runtime/RuntimePhysXCooking/Binaries/Win64/UE4Editor-RuntimePhysXCooking.dll (API version 3944462).
LogModuleManager: Display: Found up-to-date module file ../../../Engine/Plugins/Runtime/Steam/SteamVR/Binaries/Win64/UE4Editor-SteamVR.dll (API version 3944462).
LogModuleManager: Display: Found up-to-date module file ../../../Engine/Plugins/Runtime/Steam/SteamVR/Binaries/Win64/UE4Editor-SteamVRController.dll (API version 3944462).
LogModuleManager: Display: Found up-to-date module file ../../../Engine/Plugins/Runtime/WindowsMoviePlayer/Binaries/Win64/UE4Editor-WindowsMoviePlayer.dll (API version 3944462).
LogInit: Using libcurl 7.47.1
LogInit:  - built for x86_64-pc-win32
LogInit:  - supports SSL with OpenSSL/1.0.2g
LogInit:  - supports HTTP deflate (compression) using libz 1.2.8
LogInit:  - other features:
LogInit:      CURL_VERSION_SSL
LogInit:      CURL_VERSION_LIBZ
LogInit:      CURL_VERSION_IPV6
LogInit:      CURL_VERSION_ASYNCHDNS
LogInit:      CURL_VERSION_LARGEFILE
LogInit:      CURL_VERSION_IDN
LogInit:  CurlRequestOptions (configurable via config and command line):
LogInit:  - bVerifyPeer = false  - Libcurl will NOT verify peer certificate
LogInit:  - bUseHttpProxy = false  - Libcurl will NOT use HTTP proxy
LogInit:  - bDontReuseConnections = false  - Libcurl will reuse connections
LogInit:  - CertBundlePath = nullptr  - Libcurl will use whatever was configured at build time.
LogInit:  - MaxHostConnections = 16  - Libcurl will limit the number of connections to a host
LogInit:  - LocalHostAddr = Default
LogInit: WinSock: version 1.1 (2.2), MaxSocks=32767, MaxUdp=65467
LogInit: WinSock: I am DESKTOP-SV31GVB (192.168.0.53:0)
LogInit: Build: ++UE4+Release-4.19-CL-4033788
LogInit: Engine Version: 4.19.2-4033788+++UE4+Release-4.19
LogInit: Compatible Engine Version: 4.19.0-3944462+++UE4+Release-4.19
LogInit: Net CL: 3944462
LogDevObjectVersion: Number of dev versions registered: 18
LogDevObjectVersion:   Dev-Blueprints (B0D832E4-1F89-4F0D-ACCF-7EB736FD4AA2): 10
LogDevObjectVersion:   Dev-Build (E1C64328-A22C-4D53-A36C-8E866417BD8C): 0
LogDevObjectVersion:   Dev-Core (375EC13C-06E4-48FB-B500-84F0262A717E): 2
LogDevObjectVersion:   Dev-Editor (E4B068ED-F494-42E9-A231-DA0B2E46BB41): 23
LogDevObjectVersion:   Dev-Framework (CFFC743F-43B0-4480-9391-14DF171D2073): 33
LogDevObjectVersion:   Dev-Mobile (B02B49B5-BB20-44E9-A304-32B752E40360): 2
LogDevObjectVersion:   Dev-Networking (A4E4105C-59A1-49B5-A7C5-40C4547EDFEE): 0
LogDevObjectVersion:   Dev-Online (39C831C9-5AE6-47DC-9A44-9C173E1C8E7C): 0
LogDevObjectVersion:   Dev-Physics (78F01B33-EBEA-4F98-B9B4-84EACCB95AA2): 0
LogDevObjectVersion:   Dev-Platform (6631380F-2D4D-43E0-8009-CF276956A95A): 0
LogDevObjectVersion:   Dev-Rendering (12F88B9F-8875-4AFC-A67C-D90C383ABD29): 25
LogDevObjectVersion:   Dev-Sequencer (7B5AE74C-D270-4C10-A958-57980B212A5A): 6
LogDevObjectVersion:   Dev-VR (D7296918-1DD6-4BDD-9DE2-64A83CC13884): 1
LogDevObjectVersion:   Dev-LoadTimes (C2A15278-BFE7-4AFE-6C17-90FF531DF755): 1
LogDevObjectVersion:   Private-Geometry (6EACA3D4-40EC-4CC1-B786-8BED09428FC5): 2
LogDevObjectVersion:   Dev-AnimPhys (29E575DD-E0A3-4627-9D10-D276232CDCEA): 16
LogDevObjectVersion:   Dev-ReflectionCapture (6B266CEC-1EC7-4B8F-A30B-E4D90942FC07): 1
LogDevObjectVersion:   Dev-Automation (0DF73D61-A23F-47EA-B727-89E90C41499A): 1
LogInit: Compiled (64-bit): Apr 27 2018 02:06:57
LogInit: Compiled with Visual C++: 19.00.24215.01
LogInit: Build Configuration: Development
LogInit: Branch Name: ++UE4+Release-4.19
LogInit: Command Line:  -skipcompile
LogInit: Base Directory: D:/UE_4.19/Engine/Binaries/Win64/
LogInit: Installed Engine Build: 1
LogStreaming: Display: Took  0.000s to delete old logs.
LogInit: Presizing for max 8388607 objects, including 0 objects not considered by GC, pre-allocating 0 bytes for permanent pool.
LogInit: Object subsystem initialized
[2019.03.02-10.17.40:030][  0]LogInit: Selected Device Profile: [Windows]
[2019.03.02-10.17.40:030][  0]LogInit: Applying CVar settings loaded from the selected device profile: [Windows]
[2019.03.02-10.17.40:156][  0]LogInit: Computer: DESKTOP-SV31GVB
[2019.03.02-10.17.40:157][  0]LogInit: User: 명진
[2019.03.02-10.17.40:157][  0]LogInit: CPU Page size=4096, Cores=2
[2019.03.02-10.17.40:157][  0]LogInit: High frequency timer resolution =3.515631 MHz
[2019.03.02-10.17.40:157][  0]LogMemory: Memory total: Physical=7.9GB (8GB approx)
[2019.03.02-10.17.40:157][  0]LogMemory: Platform Memory Stats for Windows
[2019.03.02-10.17.40:157][  0]LogMemory: Process Physical Memory: 274.78 MB used, 274.78 MB peak
[2019.03.02-10.17.40:157][  0]LogMemory: Process Virtual Memory: 265.93 MB used, 265.93 MB peak
[2019.03.02-10.17.40:157][  0]LogMemory: Physical Memory: 6738.50 MB used,  1337.63 MB free, 8076.13 MB total
[2019.03.02-10.17.40:157][  0]LogMemory: Virtual Memory: 4778.54 MB used,  1337.63 MB free, 134217728.00 MB total
[2019.03.02-10.17.40:623][  0]LogInit: Overriding language with editor language configuration option (ko).
[2019.03.02-10.17.40:623][  0]LogInit: Overriding locale with editor locale configuration option (ko).
[2019.03.02-10.17.42:361][  0]LogStreaming: Display: Took  1.739s to EndInitTextLocalization.
[2019.03.02-10.17.42:362][  0]LogInit: Setting process to per monitor DPI aware
[2019.03.02-10.17.43:011][  0]LogSlate: New Slate User Created.  User Index 0, Is Virtual User: 0
[2019.03.02-10.17.43:011][  0]LogSlate: Slate User Registered.  User Index 0, Is Virtual User: 0
[2019.03.02-10.17.46:638][  0]LogD3D11RHI: D3D11 adapters:
[2019.03.02-10.17.46:744][  0]LogD3D11RHI:    0. 'NVIDIA GeForce GTX 1050 Ti' (Feature Level 11_0)
[2019.03.02-10.17.46:744][  0]LogD3D11RHI:       4053/0/4038 MB DedicatedVideo/DedicatedSystem/SharedSystem, Outputs:1, VendorId:0x10de
[2019.03.02-10.17.46:770][  0]LogD3D11RHI:    1. 'Intel(R) HD Graphics 630' (Feature Level 11_0)
[2019.03.02-10.17.46:770][  0]LogD3D11RHI:       128/0/4038 MB DedicatedVideo/DedicatedSystem/SharedSystem, Outputs:0, VendorId:0x8086
[2019.03.02-10.17.46:782][  0]LogD3D11RHI:    2. 'Microsoft Basic Render Driver' (Feature Level 11_0)
[2019.03.02-10.17.46:782][  0]LogD3D11RHI:       0/0/4038 MB DedicatedVideo/DedicatedSystem/SharedSystem, Outputs:0, VendorId:0x1414
[2019.03.02-10.17.46:782][  0]LogD3D11RHI: Chosen D3D11 Adapter: 0
[2019.03.02-10.17.46:920][  0]LogD3D11RHI: Creating new Direct3DDevice
[2019.03.02-10.17.46:920][  0]LogD3D11RHI:     GPU DeviceId: 0x1c8c (for the marketing name, search the web for "GPU Device Id")
[2019.03.02-10.17.46:921][  0]LogWindows: EnumDisplayDevices:
[2019.03.02-10.17.46:922][  0]LogWindows:    0. 'Intel(R) HD Graphics 630' (P:1 D:1)
[2019.03.02-10.17.46:925][  0]LogWindows:    1. 'Intel(R) HD Graphics 630' (P:0 D:0)
[2019.03.02-10.17.46:927][  0]LogWindows:    2. 'Intel(R) HD Graphics 630' (P:0 D:0)
[2019.03.02-10.17.46:929][  0]LogWindows: DebugString: GetVideoDriverDetailsInvalid PrimaryIsNotTheChoosenAdapter GetVideoDriverDetailsInvalid PrimaryIsNotTheChoosenAdapter GetVideoDriverDetailsInvalid PrimaryIsNotTheChoosenAdapter FoundDriverCount:0 
[2019.03.02-10.17.46:930][  0]LogD3D11RHI:     Adapter Name: NVIDIA GeForce GTX 1050 Ti
[2019.03.02-10.17.46:930][  0]LogD3D11RHI:   Driver Version: Unknown (internal:Unknown, unified:Unknown)
[2019.03.02-10.17.46:930][  0]LogD3D11RHI:      Driver Date: Unknown
[2019.03.02-10.17.46:930][  0]LogRHI: Texture pool is 2837 MB (70% of 4053 MB)
[2019.03.02-10.17.47:044][  0]LogD3D11RHI: [Aftermath] Aftermath enabled but failed to initialize
[2019.03.02-10.17.47:044][  0]LogD3D11RHI: [Aftermath] Aftermath enabled and primed
[2019.03.02-10.17.47:045][  0]LogD3D11RHI: Async texture creation enabled
[2019.03.02-10.17.47:167][  0]LogD3D11RHI: GPU Timing Frequency: 1000.000000 (Debug: 2 1)
[2019.03.02-10.17.47:182][  0]LogShaderCompilers: Guid format shader working directory is -12 characters bigger than the processId version (../../../../Unreal 4.19/MJ_UnrealProject/firstPractice/Intermediate/Shaders/WorkingDirectory/28468/).
[2019.03.02-10.17.47:195][  0]LogShaderCompilers: Cleaned the shader compiler working directory 'C:/Users/명진/AppData/Local/Temp/UnrealShaderWorkingDir/3E91655A4299AC64465682BA2A77BCE0/'.
[2019.03.02-10.17.47:891][  0]LogTemp: Display: Loaded TP AllDesktopTargetPlatform
[2019.03.02-10.17.47:919][  0]LogTemp: Display: Loaded TP MacClientTargetPlatform
[2019.03.02-10.17.47:946][  0]LogTemp: Display: Loaded TP MacNoEditorTargetPlatform
[2019.03.02-10.17.47:964][  0]LogTemp: Display: Loaded TP MacServerTargetPlatform
[2019.03.02-10.17.48:018][  0]LogTemp: Display: Loaded TP MacTargetPlatform
[2019.03.02-10.17.48:041][  0]LogTemp: Display: Loaded TP WindowsClientTargetPlatform
[2019.03.02-10.17.48:059][  0]LogTemp: Display: Loaded TP WindowsNoEditorTargetPlatform
[2019.03.02-10.17.48:081][  0]LogTemp: Display: Loaded TP WindowsServerTargetPlatform
[2019.03.02-10.17.48:095][  0]LogTemp: Display: Loaded TP WindowsTargetPlatform
[2019.03.02-10.17.48:112][  0]LogTemp: Display: Loaded TP Android_ASTCTargetPlatform
[2019.03.02-10.17.48:126][  0]LogTemp: Display: Loaded TP Android_ATCTargetPlatform
[2019.03.02-10.17.48:140][  0]LogTemp: Display: Loaded TP Android_DXTTargetPlatform
[2019.03.02-10.17.48:158][  0]LogTemp: Display: Loaded TP Android_ETC1aTargetPlatform
[2019.03.02-10.17.48:182][  0]LogTemp: Display: Loaded TP Android_ETC1TargetPlatform
[2019.03.02-10.17.48:200][  0]LogTemp: Display: Loaded TP Android_ETC2TargetPlatform
[2019.03.02-10.17.48:242][  0]LogTemp: Display: Loaded TP Android_MultiTargetPlatform
[2019.03.02-10.17.48:242][  0]LogTemp: Display: Loaded TP Android_PVRTCTargetPlatform
[2019.03.02-10.17.48:281][  0]LogTemp: Display: Loaded TP AndroidTargetPlatform
[2019.03.02-10.17.48:287][  0]LogTemp: Display: Loaded TP HTML5TargetPlatform
[2019.03.02-10.17.48:389][  0]LogTemp: Display: Loaded TP IOSTargetPlatform
[2019.03.02-10.17.48:404][  0]LogTemp: Display: Loaded TP TVOSTargetPlatform
[2019.03.02-10.17.48:418][  0]LogTemp: Display: Loaded TP LinuxClientTargetPlatform
[2019.03.02-10.17.48:433][  0]LogTemp: Display: Loaded TP LinuxNoEditorTargetPlatform
[2019.03.02-10.17.48:450][  0]LogTemp: Display: Loaded TP LinuxServerTargetPlatform
[2019.03.02-10.17.48:478][  0]LogTemp: Display: Loaded TP LinuxTargetPlatform
[2019.03.02-10.17.48:478][  0]LogTargetPlatformManager: Display: Building Assets For Windows
[2019.03.02-10.17.49:309][  0]LogXGEController: Cannot use XGE Controller as Incredibuild is not installed on this machine.
[2019.03.02-10.17.49:309][  0]LogShaderCompilers: Cannot use XGE Shader Compiler as Incredibuild is not installed on this machine.
[2019.03.02-10.17.49:309][  0]LogShaderCompilers: Display: Using Local Shader Compiler.
[2019.03.02-10.17.53:098][  0]LogDerivedDataCache: Display: Max Cache Size: 512 MB
[2019.03.02-10.17.53:448][  0]LogDerivedDataCache: Loaded boot cache 0.35s 74MB C:/Users/명진/AppData/Local/UnrealEngine/4.19/DerivedDataCache/Boot.ddc.
[2019.03.02-10.17.53:448][  0]LogDerivedDataCache: Display: Loaded Boot cache: C:/Users/명진/AppData/Local/UnrealEngine/4.19/DerivedDataCache/Boot.ddc
[2019.03.02-10.17.53:449][  0]LogDerivedDataCache: FDerivedDataBackendGraph:  Pak pak cache file ../../../../Unreal 4.19/MJ_UnrealProject/firstPractice/DerivedDataCache/DDC.ddp not found, will not use a pak cache.
[2019.03.02-10.17.53:449][  0]LogDerivedDataCache: Unable to find inner node Pak for hierarchical cache Hierarchy.
[2019.03.02-10.17.53:449][  0]LogDerivedDataCache: FDerivedDataBackendGraph:  CompressedPak pak cache file ../../../../Unreal 4.19/MJ_UnrealProject/firstPractice/DerivedDataCache/Compressed.ddp not found, will not use a pak cache.
[2019.03.02-10.17.53:449][  0]LogDerivedDataCache: Unable to find inner node CompressedPak for hierarchical cache Hierarchy.
[2019.03.02-10.17.53:502][  0]LogDerivedDataCache: Display: Pak cache opened for reading ../../../Engine/DerivedDataCache/Compressed.ddp.
[2019.03.02-10.17.53:517][  0]LogDerivedDataCache: Using Local data cache path C:/Users/명진/AppData/Local/UnrealEngine/Common/DerivedDataCache: Writable
[2019.03.02-10.17.53:517][  0]LogDerivedDataCache: Shared data cache path not found in *engine.ini, will not use an Shared cache.
[2019.03.02-10.17.53:517][  0]LogDerivedDataCache: Unable to find inner node Shared for hierarchical cache Hierarchy.
[2019.03.02-10.17.53:547][  0]LogMaterial: Verifying Global Shaders for PCD3D_SM5
[2019.03.02-10.17.53:567][  0]LogSlate: Using Freetype 2.6.0
[2019.03.02-10.17.53:695][  0]LogSlate: SlateFontCache - WITH_FREETYPE: 1, WITH_HARFBUZZ: 1
[2019.03.02-10.17.53:695][  0]LogSlate: SlateFontCache - WITH_FREETYPE: 1, WITH_HARFBUZZ: 1
[2019.03.02-10.17.59:917][  0]LogAssetRegistry: FAssetRegistry took 0.0361 seconds to start up
[2019.03.02-10.18.03:868][  0]LogInit: Selected Device Profile: [Windows]
[2019.03.02-10.18.05:956][  0]LogSimplygon: Simplygon DLL not present - disabling.
[2019.03.02-10.18.06:015][  0]LogMeshReduction: Using SimplygonSwarm for distributed automatic mesh merging
[2019.03.02-10.18.06:015][  0]LogMeshReduction: Using QuadricMeshReduction for automatic static mesh reduction
[2019.03.02-10.18.06:015][  0]LogMeshReduction: No automatic skeletal mesh reduction module available
[2019.03.02-10.18.06:015][  0]LogMeshReduction: No automatic mesh merging module available
[2019.03.02-10.18.06:015][  0]LogMeshMerging: No automatic mesh merging module available
[2019.03.02-10.18.06:427][  0]LogNetVersion: firstPractice , NetCL: 3944462, EngineNetVer: 2, GameNetVer: 0 (Checksum: 564753106)
[2019.03.02-10.18.10:663][  0]LogPackageLocalizationCache: Processed 9 localized package path(s) for 1 prioritized culture(s) in 0.112691 seconds
[2019.03.02-10.18.10:672][  0]LogUObjectArray: 36728 objects as part of root set at end of initial load.
[2019.03.02-10.18.10:672][  0]LogUObjectAllocator: 7314312 out of 0 bytes used by permanent object pool.
[2019.03.02-10.18.10:672][  0]LogUObjectArray: CloseDisregardForGC: 0/0 objects in disregard for GC pool
[2019.03.02-10.18.30:258][  0]LogTcpMessaging: Initializing TcpMessaging bridge
[2019.03.02-10.18.30:316][  0]LogUdpMessaging: Initializing bridge on interface 0.0.0.0:0 to multicast group 230.0.0.1:6666.
[2019.03.02-10.18.31:424][  0]SourceControl: 소스 콘트롤이 꺼졌습니다.
[2019.03.02-10.18.31:441][  0]SourceControl: 소스 콘트롤이 꺼졌습니다.
[2019.03.02-10.18.31:499][  0]SourceControl: 소스 콘트롤이 꺼졌습니다.
[2019.03.02-10.18.31:556][  0]SourceControl: 소스 콘트롤이 꺼졌습니다.
[2019.03.02-10.18.33:005][  0]LogAndroidPermission: UAndroidPermissionCallbackProxy::GetInstance
[2019.03.02-10.18.33:365][  0]LogOcInput: OculusInput pre-init called
[2019.03.02-10.18.33:856][  0]LogEngine: Initializing Engine...
[2019.03.02-10.18.33:886][  0]LogHMD: Failed to initialize OpenVR with code 110
[2019.03.02-10.18.33:888][  0]LogStats: UGameplayTagsManager::ConstructGameplayTagTree: Construct from data asset -  0.000 s
[2019.03.02-10.18.33:906][  0]LogStats: UGameplayTagsManager::ConstructGameplayTagTree: GameplayTagTreeChangedEvent.Broadcast -  0.000 s
[2019.03.02-10.18.34:813][  0]LogAIModule: Creating AISystem for world Untitled
[2019.03.02-10.18.34:912][  0]LogInit: XAudio2 using '스피커(Realtek High Definition Audio)' : 2 channels at 48 kHz using 32 bits per sample (channel mask 0x3)
[2019.03.02-10.18.35:011][  0]LogInit: FAudioDevice initialized.
[2019.03.02-10.18.35:094][  0]LogDerivedDataCache: Saved boot cache 0.08s 74MB C:/Users/명진/AppData/Local/UnrealEngine/4.19/DerivedDataCache/Boot.ddc.
[2019.03.02-10.18.35:114][  0]LogInit: Texture streaming: Enabled
[2019.03.02-10.18.35:393][  0]LogEngineSessionManager: EngineSessionManager initialized
[2019.03.02-10.18.35:556][  0]LogInit: Transaction tracking system initialized
[2019.03.02-10.18.35:845][  0]BlueprintLog: New page: 에디터 로드
[2019.03.02-10.18.36:826][  0]LocalizationService: 현지화 서비스가 비활성화되었습니다.
[2019.03.02-10.18.37:626][  0]LogUObjectGlobals: Created PersistentFrame Addr=0x00000187093997e0, Size=88, Default__Landscape_Painting_Mode_C Function /Engine/Tutorial/Landscape/Landscape_Painting_Mode.Landscape_Painting_Mode_C:ExecuteUbergraph_Landscape_Painting_Mode
[2019.03.02-10.18.37:645][  0]LogUObjectGlobals: Destroyed PersistentFrame Addr=0x00000187093997e0, Size=88
[2019.03.02-10.18.37:645][  0]LogUObjectGlobals: Created PersistentFrame Addr=0x00000187093997e0, Size=88, Default__Landscape_Painting_Mode_C Function /Engine/Transient.REINST_Landscape_Painting_Mode_C_3:ExecuteUbergraph_Landscape_Painting_Mode
[2019.03.02-10.18.37:706][  0]LogUObjectGlobals: Created PersistentFrame Addr=0x000001870926bd80, Size=80, Default__Landscape_Painting_Mode_C Function /Engine/Tutorial/Landscape/Landscape_Painting_Mode.Landscape_Painting_Mode_C:ExecuteUbergraph_Landscape_Painting_Mode
[2019.03.02-10.18.38:339][  0]LogConsoleResponse: Display: 
[2019.03.02-10.18.39:760][  0]LogFileCache: Scanning file cache for directory 'D:/Unreal 4.19/MJ_UnrealProject/firstPractice/Content/' took 0.02s
[2019.03.02-10.18.39:760][  0]LogCook: Display: Max memory allowance for cook 16384mb min free memory 0mb
[2019.03.02-10.18.39:779][  0]LogCook: Display: Mobile HDR setting 1
[2019.03.02-10.18.39:779][  0]LogGameplayTags: Display: UGameplayTagsManager::DoneAddingNativeTags. DelegateIsBound: 0
[2019.03.02-10.18.39:780][  0]LogStats: UGameplayTagsManager::ConstructGameplayTagTree: Construct from data asset -  0.000 s
[2019.03.02-10.18.39:780][  0]LogStats: UGameplayTagsManager::ConstructGameplayTagTree: GameplayTagTreeChangedEvent.Broadcast -  0.000 s
[2019.03.02-10.18.41:763][  0]SourceControl: 소스 콘트롤이 꺼졌습니다.
[2019.03.02-10.18.41:763][  0]Cmd: MAP LOAD FILE="../../../../Unreal 4.19/MJ_UnrealProject/firstPractice/Content/StarterContent/Maps/Minimal_Default.umap" TEMPLATE=0 SHOWPROGRESS=1 FEATURELEVEL=3
[2019.03.02-10.18.41:787][  0]LightingResults: New page: 라이팅 빌드
[2019.03.02-10.18.41:849][  0]MapCheck: New page: 맵 체크
[2019.03.02-10.18.41:849][  0]LightingResults: New page: 라이팅 빌드
[2019.03.02-10.18.41:978][  0]LogUObjectGlobals: Destroyed PersistentFrame Addr=0x00000187093997e0, Size=88
[2019.03.02-10.18.43:376][  0]LogAIModule: Creating AISystem for world Minimal_Default
[2019.03.02-10.18.43:698][  0]LogEditorServer: Finished looking for orphan Actors (0.000 secs)
[2019.03.02-10.18.43:836][  0]Cmd: MAP CHECKDEP NOCLEARLOG
[2019.03.02-10.18.43:891][  0]MapCheck: 맵 체크 완료: 오류 0 회, 경고 0 회, 소요 시간 54.412ms.
[2019.03.02-10.18.43:891][  0]LogFileHelpers: Loading map 'Minimal_Default' took 2.128
[2019.03.02-10.18.44:752][  0]LogCollectionManager: Loaded 0 collections in 0.001859 seconds
[2019.03.02-10.18.44:958][  0]LogFileCache: Scanning file cache for directory 'D:/Unreal 4.19/MJ_UnrealProject/firstPractice/Saved/Collections/' took 0.01s
[2019.03.02-10.18.44:958][  0]LogFileCache: Scanning file cache for directory 'D:/Unreal 4.19/MJ_UnrealProject/firstPractice/Content/Developers/명진/Collections/' took 0.02s
[2019.03.02-10.18.44:958][  0]LogFileCache: Scanning file cache for directory 'D:/Unreal 4.19/MJ_UnrealProject/firstPractice/Content/Collections/' took 0.02s
[2019.03.02-10.18.44:958][  0]LogCollectionManager: Rebuilt the GUID cache for 0 collections in 0.000000 seconds
[2019.03.02-10.18.44:983][  0]LogContentBrowser: Native class hierarchy populated in 0.0141 seconds. Added 2453 classes and 560 folders.
[2019.03.02-10.18.45:074][  0]LogContentBrowser: Native class hierarchy updated for 'WidgetCarousel' in 0.0020 seconds. Added 0 classes and 0 folders.
[2019.03.02-10.18.47:441][  0]LogContentBrowser: Native class hierarchy updated for 'AddContentDialog' in 0.0009 seconds. Added 0 classes and 0 folders.
[2019.03.02-10.18.47:513][  0]LogContentBrowser: Native class hierarchy updated for 'SceneOutliner' in 0.0008 seconds. Added 1 classes and 2 folders.
[2019.03.02-10.18.48:438][  0]LogSlate: Took 0.042018 seconds to synchronously load lazily loaded font '../../../Engine/Content/Slate/Fonts/Roboto-Regular.ttf' (155K)
[2019.03.02-10.18.48:520][  0]LogSlate: Took 0.080780 seconds to synchronously load lazily loaded font '../../../Engine/Content/Editor/Slate/Fonts/NanumGothic.ttf' (4243K)
[2019.03.02-10.18.48:559][  0]LogSlate: Took 0.037336 seconds to synchronously load lazily loaded font '../../../Engine/Content/Editor/Slate/Fonts/NanumGothicBold.ttf' (4188K)
[2019.03.02-10.18.48:577][  0]LogSlate: Took 0.017420 seconds to synchronously load lazily loaded font '../../../Engine/Content/Slate/Fonts/Roboto-Bold.ttf' (160K)
[2019.03.02-10.18.48:614][  0]LogSlate: Took 0.030010 seconds to synchronously load lazily loaded font '../../../Engine/Content/Editor/Slate/Fonts/FontAwesome.ttf' (139K)
[2019.03.02-10.18.48:659][  0]LogSlate: Took 0.031853 seconds to synchronously load lazily loaded font '../../../Engine/Content/Slate/Fonts/DroidSansMono.ttf' (77K)
[2019.03.02-10.18.48:761][  0]LogSlate: Took 0.072180 seconds to synchronously load lazily loaded font '../../../Engine/Content/Editor/Slate/Fonts/NanumGothicExtraBold.ttf' (4074K)
[2019.03.02-10.18.49:154][  0]LogRenderer: Reallocating scene render targets to support 896x448 Format 9 NumSamples 1 (Frame:1).
[2019.03.02-10.18.49:611][  0]LogContentBrowser: Native class hierarchy updated for 'HierarchicalLODOutliner' in 0.0009 seconds. Added 0 classes and 0 folders.
[2019.03.02-10.18.49:612][  0]LogLoad: (Engine Initialization) Total time: 86.71 seconds
[2019.03.02-10.18.49:612][  0]LogLoad: (Engine Initialization) Total Blueprint compile time: 0.00 seconds
[2019.03.02-10.18.49:638][  0]LogWindowsTextInputMethodSystem: Display: IME system now activated using TSF (Microsoft 입력기).
[2019.03.02-10.18.49:734][  0]LogContentStreaming: Texture pool size now 600 MB
[2019.03.02-10.18.49:923][  1]LogAssetRegistry: Asset discovery search completed in 50.0319 seconds
[2019.03.02-10.18.49:925][  1]LogCollectionManager: Rebuilt the object cache for 0 collections in 0.000000 seconds (found 0 objects)
[2019.03.02-10.18.49:926][  1]LogCollectionManager: Fixed up redirectors for 0 collections in 0.000407 seconds (updated 0 objects)
[2019.03.02-10.19.01:294][313]LogSlate: Window 'firstPractice - 언리얼 에디터' being destroyed
[2019.03.02-10.19.01:299][313]LogWindowsTextInputMethodSystem: Display: IME system now activated using TSF (Microsoft 입력기).
[2019.03.02-10.19.02:232][314]Cmd: QUIT_EDITOR
[2019.03.02-10.19.02:638][314]LogSlate: Slate User Destroyed.  User Index 0, Is Virtual User: 0
[2019.03.02-10.19.02:652][314]LogExit: Preparing to exit.
[2019.03.02-10.19.03:739][314]LogDirectoryWatcher: A directory notification for 'D:/Unreal 4.19/MJ_UnrealProject/firstPractice/Content/' was aborted.
[2019.03.02-10.19.03:923][314]LogExit: Editor shut down
[2019.03.02-10.19.03:927][314]LogExit: Transaction tracking system shut down
[2019.03.02-10.19.03:928][314]LogUObjectGlobals: Destroyed PersistentFrame Addr=0x000001870926bd80, Size=80
[2019.03.02-10.19.04:116][314]LogDirectoryWatcher: A directory notification for '../../../Engine/Content/' was aborted.
[2019.03.02-10.19.04:117][314]LogDirectoryWatcher: A directory notification for '../../../../Unreal 4.19/MJ_UnrealProject/firstPractice/Content/' was aborted.
[2019.03.02-10.19.04:117][314]LogDirectoryWatcher: A directory notification for '../../Plugins/2D/Paper2D/Content/' was aborted.
[2019.03.02-10.19.04:117][314]LogDirectoryWatcher: A directory notification for '../../Plugins/Enterprise/DatasmithContent/Content/' was aborted.
[2019.03.02-10.19.04:118][314]LogDirectoryWatcher: A directory notification for '../../Plugins/Media/MediaCompositing/Content/' was aborted.
[2019.03.02-10.19.04:118][314]LogDirectoryWatcher: A directory notification for '../../Plugins/Runtime/AppleARKit/Content/' was aborted.
[2019.03.02-10.19.04:118][314]LogDirectoryWatcher: A directory notification for '../../Plugins/Runtime/Oculus/OculusVR/Content/' was aborted.
[2019.03.02-10.19.04:118][314]LogDirectoryWatcher: A directory notification for '../../Plugins/Runtime/Steam/SteamVR/Content/' was aborted.
